.........F.F..............
======================================================================
FAIL: testAvailPart (__main__.SDCardTest)
----------------------------------------------------------------------
Traceback (most recent call last):
  File "EgressTestV2.py", line 76, in testAvailPart
    self.assertEqual(Sendcmd("fdisk -l | grep mmcblk0p | wc -l | awk {'printf $1'}"),'3')
AssertionError: '4' != '3'

======================================================================
FAIL: testEndurance (__main__.SDCardTest)
----------------------------------------------------------------------
Traceback (most recent call last):
  File "EgressTestV2.py", line 93, in testEndurance
    self.assertLess(int(average),3500)
AssertionError: 3505 not less than 3500

----------------------------------------------------------------------
Ran 26 tests in 42.188s

FAILED (failures=2)
