....F.................F......
======================================================================
FAIL: testMem (__main__.MemTest)
----------------------------------------------------------------------
Traceback (most recent call last):
  File "/home/root/test/EgressTestV2.py", line 162, in testMem
    self.assertEqual(int(Sendcmd("more /home/root/test/mem/mem*.txt | grep -c ': ok'")),7)
AssertionError: 14 != 7

======================================================================
FAIL: testEcoversion (__main__.VersionTest)
----------------------------------------------------------------------
Traceback (most recent call last):
  File "/home/root/test/EgressTestV2.py", line 76, in testEcoversion
    self.assertEqual(Sendcmd("sha1sum /eco-overlay.tar.gz | awk '{print $1}'"),Sendcmd("sha1sum /run/media/mmcblk1p2/eco-overlay.tar.gz | awk '{print$1}'"))
AssertionError: 'a2f9e59b4f58f751f3dc2f6b376430e2762a46b4\n' != ''

----------------------------------------------------------------------
Ran 29 tests in 35.491s

FAILED (failures=2)
