....FE.FF.F.FF.F...EF.F..F.
======================================================================
ERROR: testMem (__main__.MemTest)
----------------------------------------------------------------------
Traceback (most recent call last):
  File "/home/root/test/EgressTest-sdk-05.py", line 172, in testMem
    self.assertEqual(int(Sendcmd("more /home/root/test/mem/mem*.txt | grep -c ': ok'")),7)
TypeError: int() argument must be a string or a number, not 'NoneType'

======================================================================
ERROR: testEcoListener (__main__.SerialNumTest)
----------------------------------------------------------------------
Traceback (most recent call last):
  File "/home/root/test/EgressTest-sdk-05.py", line 53, in testEcoListener
    self.assertIn(self.Host, Sendcmd(" more /media/sdcard/eco-listener.log | grep '\"client_id\": \"'N9C360B012003*' | awk END{'print $2'}"))
  File "/usr/lib/python2.7/unittest/case.py", line 800, in assertIn
    if member not in container:
TypeError: argument of type 'NoneType' is not iterable

======================================================================
FAIL: testPartSize (__main__.EEMCTest)
----------------------------------------------------------------------
Traceback (most recent call last):
  File "/home/root/test/EgressTest-sdk-05.py", line 60, in testPartSize
    self.assertEqual(p1,p2)
AssertionError: '5.9G' != '6G'

======================================================================
FAIL: testBootDelay (__main__.PeripheralsTest)
----------------------------------------------------------------------
Traceback (most recent call last):
  File "/home/root/test/EgressTest-sdk-05.py", line 162, in testBootDelay
    self.assertEqual(Sendcmd("fw_printenv bootdelay | awk '{printf $1}'"),'bootdelay=-2')
AssertionError: 'bootdelay=2' != 'bootdelay=-2'

======================================================================
FAIL: testPCI (__main__.PeripheralsTest)
----------------------------------------------------------------------
Traceback (most recent call last):
  File "/home/root/test/EgressTest-sdk-05.py", line 160, in testPCI
    self.assertGreater(int(Sendcmd('lspci | grep Marvell | wc -l')),0)
AssertionError: 0 not greater than 0

======================================================================
FAIL: testSecondCoreShutdown (__main__.PeripheralsTest)
----------------------------------------------------------------------
Traceback (most recent call last):
  File "/home/root/test/EgressTest-sdk-05.py", line 164, in testSecondCoreShutdown
    self.assertNotIn("#", Sendcmd("sed '5,6!d' /root/reduceTemperature.sh"))
AssertionError: '#' unexpectedly found in '# echo "shutting down cpu1"\n# echo 0 > /sys/devices/system/cpu/cpu1/online\n'

======================================================================
FAIL: testUSB (__main__.PeripheralsTest)
----------------------------------------------------------------------
Traceback (most recent call last):
  File "/home/root/test/EgressTest-sdk-05.py", line 158, in testUSB
    self.assertGreater(int(Sendcmd('lsusb | grep Marvell | wc -l')),0)
AssertionError: 0 not greater than 0

======================================================================
FAIL: testAvailPart (__main__.SDCardTest)
----------------------------------------------------------------------
Traceback (most recent call last):
  File "/home/root/test/EgressTest-sdk-05.py", line 92, in testAvailPart
    self.assertEqual(Sendcmd("fdisk -l | grep mmcblk0p | wc -l | awk {'printf $1'}"),'3')
AssertionError: '0' != '3'

======================================================================
FAIL: testOutgoingEmpty (__main__.SDCardTest)
----------------------------------------------------------------------
Traceback (most recent call last):
  File "/home/root/test/EgressTest-sdk-05.py", line 115, in testOutgoingEmpty
    self.assertEqual(int(Sendcmd("ls -R /media/sdcard/outgoing/ | wc -l | awk {'printf $1'}")),25)
AssertionError: 49 != 25

======================================================================
FAIL: testEprom (__main__.SerialNumTest)
----------------------------------------------------------------------
Traceback (most recent call last):
  File "/home/root/test/EgressTest-sdk-05.py", line 51, in testEprom
    self.assertEqual(Sendcmd("eco-feature-extract -e | grep Serial | awk '{printf $4}'"),self.Host)
AssertionError: '......B012003004' != 'N9C360B012003004'

======================================================================
FAIL: testSha1sum (__main__.VersionTest)
----------------------------------------------------------------------
Traceback (most recent call last):
  File "/home/root/test/EgressTest-sdk-05.py", line 74, in testSha1sum
    EcoOverlay = self.assertEqual(Sendcmd("sha1sum /eco-overlay.tar.gz | awk '{printf $1}'"),Sendcmd("more /home/root/test/signatures/eco-overlay* | awk '{printf $1}'"))
AssertionError: '' != '::::::::::::::/home/root/test/signatures/eco-overlay.tar.gz.sha1.txt::::::::::::::a2f9e59b4f58f751f3dc2f6b376430e2762a46b4'

======================================================================
FAIL: testPythonDefaultGain (__main__.VoltageCalTest)
----------------------------------------------------------------------
Traceback (most recent call last):
  File "/home/root/test/EgressTest-sdk-05.py", line 144, in testPythonDefaultGain
    self.assertNotEqual(self.P10gain,GainL1)
AssertionError: 1060083 == 1060083

----------------------------------------------------------------------
Ran 27 tests in 9.443s

FAILED (failures=10, errors=2)
