.............F.............
======================================================================
FAIL: testRWspeed (__main__.SDCardTest)
----------------------------------------------------------------------
Traceback (most recent call last):
  File "EgressTestV2.py", line 88, in testRWspeed
    self.assertGreaterEqual(float(Sendcmd("hdparm -t /dev/mmcblk1 | awk '{printf $11}'")),68)
AssertionError: 67.560000000000002 not greater than or equal to 68

----------------------------------------------------------------------
Ran 27 tests in 40.089s

FAILED (failures=1)
