...F...............F.F.....
======================================================================
FAIL: testRWSpeed (__main__.EEMCTest)
----------------------------------------------------------------------
Traceback (most recent call last):
  File "EgressTestV2.py", line 61, in testRWSpeed
    self.assertGreater(float(Sendcmd("hdparm -t /dev/mmcblk0 | awk '{printf $11}'")),16)
AssertionError: 15.01 not greater than 16

======================================================================
FAIL: testBLVersion (__main__.VersionTest)
----------------------------------------------------------------------
Traceback (most recent call last):
  File "EgressTestV2.py", line 78, in testBLVersion
    self.assertIn('v1.04',Sendcmd("more /home/root/mcu.log | grep 'Bootloader Version :' | awk 'NR==1 {printf $9}'"))
AssertionError: 'v1.04' not found in ''

======================================================================
FAIL: testMCUVersion (__main__.VersionTest)
----------------------------------------------------------------------
Traceback (most recent call last):
  File "EgressTestV2.py", line 76, in testMCUVersion
    self.assertEqual(Sendcmd("more /home/root/mcu.log | grep 'Application Version:' | awk 'NR==1 {printf $9}'"),'v2.002')
AssertionError: '' != 'v2.002'

----------------------------------------------------------------------
Ran 27 tests in 55.302s

FAILED (failures=3)
