...F.......................
======================================================================
FAIL: testRWSpeed (__main__.EEMCTest)
----------------------------------------------------------------------
Traceback (most recent call last):
  File "EgressTestV2.py", line 61, in testRWSpeed
    self.assertGreater(float(Sendcmd("hdparm -t /dev/mmcblk0 | awk '{printf $11}'")),16)
AssertionError: 15.279999999999999 not greater than 16

----------------------------------------------------------------------
Ran 27 tests in 52.663s

FAILED (failures=1)
