........................F..
======================================================================
FAIL: testDuplicateValue (__main__.VoltageCalTest)
----------------------------------------------------------------------
Traceback (most recent call last):
  File "EgressTestV2.py", line 123, in testDuplicateValue
    self.assertFalse(detect_duplicates(self.CalibrationValues))
AssertionError: True is not false

----------------------------------------------------------------------
Ran 27 tests in 31.762s

FAILED (failures=1)
