...........E.F.............
======================================================================
ERROR: testEndurance (__main__.SDCardTest)
----------------------------------------------------------------------
Traceback (most recent call last):
  File "EgressTestV2.py", line 99, in testEndurance
    self.assertLess(int(average),3500)
ValueError: invalid literal for int() with base 10: ''

======================================================================
FAIL: testRWspeed (__main__.SDCardTest)
----------------------------------------------------------------------
Traceback (most recent call last):
  File "EgressTestV2.py", line 88, in testRWspeed
    self.assertGreaterEqual(float(Sendcmd("hdparm -t /dev/mmcblk1 | awk '{printf $11}'")),68)
AssertionError: 66.840000000000003 not greater than or equal to 68

----------------------------------------------------------------------
Ran 27 tests in 29.640s

FAILED (failures=1, errors=1)
