....E.......F......F....F....
======================================================================
ERROR: testMem (__main__.MemTest)
----------------------------------------------------------------------
Traceback (most recent call last):
  File "/home/root/test/EgressTestV2.py", line 162, in testMem
    self.assertEqual(int(Sendcmd("more /home/root/test/mem/mem*.txt | grep -c ': ok'")),7)
TypeError: int() argument must be a string or a number, not 'NoneType'

======================================================================
FAIL: testEndurance (__main__.SDCardTest)
----------------------------------------------------------------------
Traceback (most recent call last):
  File "/home/root/test/EgressTestV2.py", line 103, in testEndurance
    self.assertLess(int(average),3500)
AssertionError: 5961 not less than 3500

======================================================================
FAIL: testEcoListener (__main__.SerialNumTest)
----------------------------------------------------------------------
Traceback (most recent call last):
  File "/home/root/test/EgressTestV2.py", line 53, in testEcoListener
    self.assertIn(self.Host, Sendcmd(" more /media/sdcard/eco-listener.log | grep '\"client_id\": \"N9C350B021*' | awk END{'print $2'}"))
AssertionError: 'N9C350B021801024' not found in '\n'

======================================================================
FAIL: testSha1sum (__main__.VersionTest)
----------------------------------------------------------------------
Traceback (most recent call last):
  File "/home/root/test/EgressTestV2.py", line 69, in testSha1sum
    EcoOverlay = self.assertEqual(Sendcmd("sha1sum /eco-overlay.tar.gz | awk '{printf $1}'"),Sendcmd("more /home/root/signatures/eco-overlay* | awk '{printf $1}'"))
AssertionError: 'a2f9e59b4f58f751f3dc2f6b376430e2762a46b4' != ''

----------------------------------------------------------------------
Ran 29 tests in 38.182s

FAILED (failures=3, errors=1)
