...................F.......
======================================================================
FAIL: testBLVersion (__main__.VersionTest)
----------------------------------------------------------------------
Traceback (most recent call last):
  File "EgressTestV2.py", line 78, in testBLVersion
    self.assertIn('v1.04',Sendcmd("more /home/root/mcu.log | grep 'Bootloader Version :' | awk 'NR==1 {printf $9}'"))
AssertionError: 'v1.04' not found in ''

----------------------------------------------------------------------
Ran 27 tests in 36.668s

FAILED (failures=1)
