.............F....F...F....
======================================================================
FAIL: testRWspeed (__main__.SDCardTest)
----------------------------------------------------------------------
Traceback (most recent call last):
  File "EgressTestV2.py", line 88, in testRWspeed
    self.assertGreaterEqual(float(Sendcmd("hdparm -t /dev/mmcblk1 | awk '{printf $11}'")),68)
AssertionError: 65.170000000000002 not greater than or equal to 68

======================================================================
FAIL: testEprom (__main__.SerialNumTest)
----------------------------------------------------------------------
Traceback (most recent call last):
  File "EgressTestV2.py", line 50, in testEprom
    self.assertEqual(Sendcmd("eco-feature-extract -e | grep Serial | awk '{printf $4}'"),self.Host)
AssertionError: '......B021801014' != 'N9C350B021801014'

======================================================================
FAIL: testSha1sum (__main__.VersionTest)
----------------------------------------------------------------------
Traceback (most recent call last):
  File "EgressTestV2.py", line 69, in testSha1sum
    ConfgIni = self.assertEqual(Sendcmd("sha1sum /media/sdcard/config.ini.test | awk '{printf $1}'"),Sendcmd("sha1sum /home/root/config/config.ini | awk '{printf $1}'"))
AssertionError: '1c2dfed46630a7fce826ce67e27ff7e0cce5f1aa' != 'd6f9fa02a42aa30a5d7ecd790403b0bab600c2ad'

----------------------------------------------------------------------
Ran 27 tests in 31.686s

FAILED (failures=3)
